0 info it worked if it ends with ok
1 verbose cli [ '/usr/local/bin/node',
1 verbose cli   '/usr/local/bin/npm',
1 verbose cli   'edit',
1 verbose cli   'formBuilder' ]
2 info using npm@3.10.8
3 info using node@v6.9.1
4 verbose stack Error: ENOENT: no such file or directory, lstat '/Users/sindhu/Documents/Git/expertiza/node_modules/formBuilder'
4 verbose stack     at Error (native)
5 verbose cwd /Users/sindhu/Documents/Git/expertiza
6 error Darwin 15.6.0
7 error argv "/usr/local/bin/node" "/usr/local/bin/npm" "edit" "formBuilder"
8 error node v6.9.1
9 error npm  v3.10.8
10 error path /Users/sindhu/Documents/Git/expertiza/node_modules/formBuilder
11 error code ENOENT
12 error errno -2
13 error syscall lstat
14 error enoent ENOENT: no such file or directory, lstat '/Users/sindhu/Documents/Git/expertiza/node_modules/formBuilder'
15 error enoent ENOENT: no such file or directory, lstat '/Users/sindhu/Documents/Git/expertiza/node_modules/formBuilder'
15 error enoent This is most likely not a problem with npm itself
15 error enoent and is related to npm not being able to find a file.
16 verbose exit [ -2, true ]
